*
* Visual Studio Code Server
*
* By using the software, you agree to
* the Visual Studio Code Server License Terms (https://aka.ms/vscode-server-license) and
* the Microsoft Privacy Statement (https://privacy.microsoft.com/en-US/privacystatement).
*
[2025-07-10 16:02:55] info Using GitHub for authentication, run `code tunnel user login --provider <provider>` option to change this.
To grant access to the server, please log into https://github.com/login/device and use code 9E43-9256

Open this link in your browser https://vscode.dev/tunnel/artemisa_gpu/lustre/ific.uv.es/ml/ific088/github/GenSBI/sub

[2025-07-10 16:04:04] info [tunnels::connections::relay_tunnel_host] Opened new client on channel 2
[2025-07-10 16:04:04] info [russh::server] wrote id
[2025-07-10 16:04:04] info [russh::server] read other id
[2025-07-10 16:04:04] info [russh::server] session is running
[2025-07-10 16:04:05] info [rpc.0] Checking /lhome/ific/a/aamerio/.vscode/cli/servers/Stable-2901c5ac6db8a986a5666c3af51ff804d05af0d4/log.txt and /lhome/ific/a/aamerio/.vscode/cli/servers/Stable-2901c5ac6db8a986a5666c3af51ff804d05af0d4/pid.txt for a running server...
[2025-07-10 16:04:05] info [rpc.0] Starting server...
[2025-07-10 16:04:06] info [rpc.0] Server started
[2025-07-10 16:04:13] info [tunnels::connections::relay_tunnel_host] Opened new client on channel 3
[2025-07-10 16:04:13] info [russh::server] wrote id
[2025-07-10 16:04:13] info [tunnels::connections::relay_tunnel_host] Opened new client on channel 4
[2025-07-10 16:04:13] info [russh::server] wrote id
[2025-07-10 16:04:13] info [russh::server] read other id
[2025-07-10 16:04:13] info [russh::server] session is running
[2025-07-10 16:04:13] info [russh::server] read other id
[2025-07-10 16:04:13] info [russh::server] session is running
[2025-07-10 16:04:17] info [rpc.3] Disposed of connection to running server.
[2025-07-10 16:04:17] info [rpc.2] Disposed of connection to running server.
[2025-07-10 16:04:18] info [rpc.0] Disposed of connection to running server.
[2025-07-10 16:04:20] info [tunnels::connections::relay_tunnel_host] Opened new client on channel 5
[2025-07-10 16:04:20] info [russh::server] wrote id
[2025-07-10 16:04:20] info [russh::server] read other id
[2025-07-10 16:04:20] info [russh::server] session is running
[2025-07-10 16:04:20] info [rpc.4] Checking /lhome/ific/a/aamerio/.vscode/cli/servers/Stable-2901c5ac6db8a986a5666c3af51ff804d05af0d4/log.txt and /lhome/ific/a/aamerio/.vscode/cli/servers/Stable-2901c5ac6db8a986a5666c3af51ff804d05af0d4/pid.txt for a running server...
[2025-07-10 16:04:20] info [rpc.4] Found running server (pid=332683)
[2025-07-10 16:04:29] info [tunnels::connections::relay_tunnel_host] Opened new client on channel 6
[2025-07-10 16:04:29] info [russh::server] wrote id
[2025-07-10 16:04:29] info [tunnels::connections::relay_tunnel_host] Opened new client on channel 7
[2025-07-10 16:04:29] info [russh::server] wrote id
[2025-07-10 16:04:29] info [russh::server] read other id
[2025-07-10 16:04:29] info [russh::server] session is running
[2025-07-10 16:04:29] info [russh::server] read other id
[2025-07-10 16:04:29] info [russh::server] session is running
[2025-07-10 16:04:35] warn [rpc.4] error handling call: NoAttachedServerError(NoAttachedServerError)
